Results of jscpd linter (version 5.0.11)
See documentation on https://megalinter.io/9.6.0/descriptors/copypaste_jscpd/
-----------------------------------------------

❌ [ERROR] for workspace .
Linter raw log:
Using config from /action/lib/.automation/.jscpd.json
Clone found (python)
 - scripts/tests/test_refresh_flux_ghcr_auth.py [633:56 - 645:69] (13 lines, 81 tokens)
   scripts/tests/test_refresh_flux_ghcr_auth.py [691:66 - 703:69]
Clone found (python)
 - scripts/tests/test_refresh_flux_ghcr_auth.py [732:9 - 738:72] (7 lines, 66 tokens)
   scripts/tests/test_refresh_flux_ghcr_auth.py [1153:9 - 1158:72]
Clone found (python)
 - scripts/tests/test_refresh_flux_ghcr_auth.py [1274:58 - 1280:59] (7 lines, 52 tokens)
   scripts/tests/test_refresh_flux_ghcr_auth.py [1327:43 - 1333:51]
Clone found (python)
 - scripts/tests/test_validate_homepage_bookmarks.py [46:57 - 54:54] (9 lines, 58 tokens)
   scripts/tests/test_validate_homepage_bookmarks.py [100:53 - 109:54]
Clone found (go)
 - scripts/validate-eks-ci-role-policy/main_test.go [244:50 - 249:24] (6 lines, 103 tokens)
   scripts/validate-eks-ci-role-policy/main_test.go [756:31 - 761:24]
Clone found (go)
 - scripts/validate-eks-ci-role-policy/main_test.go [276:14 - 282:4] (7 lines, 115 tokens)
   scripts/validate-eks-ci-role-policy/main_test.go [603:43 - 609:4]
Clone found (go)
 - scripts/validate-eks-ci-role-policy/main_test.go [388:5 - 393:2] (6 lines, 82 tokens)
   scripts/validate-eks-ci-role-policy/main_test.go [574:8 - 579:9]
Clone found (go)
 - scripts/validate-eks-ci-role-policy/main_test.go [389:1 - 399:23] (11 lines, 220 tokens)
   scripts/validate-eks-ci-role-policy/main_test.go [666:60 - 677:3]
Clone found (go)
 - scripts/validate-eks-ci-role-policy/main_test.go [393:15 - 404:2] (12 lines, 185 tokens)
   scripts/validate-eks-ci-role-policy/main_test.go [494:17 - 505:2]
Clone found (go)
 - scripts/validate-eks-ci-role-policy/main_test.go [440:15 - 451:12] (12 lines, 264 tokens)
   scripts/validate-eks-ci-role-policy/main_test.go [649:1 - 662:3]
Clone found (go)
 - scripts/validate-eks-ci-role-policy/main_test.go [503:2 - 509:19] (7 lines, 89 tokens)
   scripts/validate-eks-ci-role-policy/main_test.go [688:7 - 694:19]
Clone found (go)
 - scripts/validate-eks-ci-role-policy/main_test.go [503:2 - 509:33] (7 lines, 103 tokens)
   scripts/validate-eks-ci-role-policy/main_test.go [943:58 - 949:33]
Clone found (go)
 - scripts/validate-eks-ci-role-policy/main_test.go [503:2 - 509:4] (7 lines, 74 tokens)
   scripts/validate-eks-ci-role-policy/main_test.go [1056:5 - 1062:4]
Clone found (go)
 - scripts/validate-eks-ci-role-policy/main_test.go [596:30 - 601:8] (6 lines, 50 tokens)
   scripts/validate-eks-ci-role-policy/main_test.go [623:44 - 628:8]
Clone found (go)
 - scripts/validate-eks-ci-role-policy/main_test.go [881:33 - 889:11] (9 lines, 118 tokens)
   scripts/validate-eks-ci-role-policy/main_test.go [893:130 - 901:11]
Clone found (go)
 - scripts/validate-eks-ci-role-policy/main_test.go [1088:47 - 1093:2] (6 lines, 166 tokens)
   scripts/validate-eks-ci-role-policy/main_test.go [1142:46 - 1147:2]
Clone found (python)
 - scripts/validate-naming.py [126:52 - 132:25] (7 lines, 53 tokens)
   scripts/validate-naming.py [171:82 - 177:29]
┌────────┬────────────────┬─────────────┬──────────────┬──────────────┬──────────────────┬───────────────────┐
│ Format │ Files analyzed │ Total lines │ Total tokens │ Clones found │ Duplicated lines │ Duplicated tokens │
├────────┼────────────────┼─────────────┼──────────────┼──────────────┼──────────────────┼───────────────────┤
│ bash   │ 7              │ 1522        │ 5580         │ 0            │ 0 (0.00%)        │ 0 (0.00%)         │
├────────┼────────────────┼─────────────┼──────────────┼──────────────┼──────────────────┼───────────────────┤
│ go     │ 6              │ 3694        │ 40869        │ 12           │ 84 (2.27%)       │ 1569 (3.84%)      │
├────────┼────────────────┼─────────────┼──────────────┼──────────────┼──────────────────┼───────────────────┤
│ python │ 5              │ 2551        │ 14243        │ 5            │ 38 (1.49%)       │ 310 (2.18%)       │
├────────┼────────────────┼─────────────┼──────────────┼──────────────┼──────────────────┼───────────────────┤
│ Total: │ 18             │ 7767        │ 60692        │ 17           │ 122 (1.57%)      │ 1879 (3.10%)      │
└────────┴────────────────┴─────────────┴──────────────┴──────────────┴──────────────────┴───────────────────┘
Found 17 clones.
HTML report saved to megalinter-reports/copy-paste/jscpd-report.html
ERROR: jscpd found too many duplicates (1.6%) over threshold (0.0%)
time: 433.664ms

